This is pdfTeX, Version 3.14159265-2.6-1.40.15 (TeX Live 2014) (preloaded format=pdflatex 2015.2.27)  30 APR 2015 11:27
entering extended mode
 restricted \write18 enabled.
 %&-line parsing enabled.
**"expected energy.tex"
(./expected energy.tex
LaTeX2e <2011/06/27>
Babel <3.9k> and hyphenation patterns for 2 languages loaded.
(/usr/share/texlive/texmf-dist/tex/latex/base/report.cls
Document Class: report 2007/10/19 v1.4h Standard LaTeX document class
(/usr/share/texlive/texmf-dist/tex/latex/base/size12.clo
File: size12.clo 2007/10/19 v1.4h Standard LaTeX file (size option)
)
\c@part=\count79
\c@chapter=\count80
\c@section=\count81
\c@subsection=\count82
\c@subsubsection=\count83
\c@paragraph=\count84
\c@subparagraph=\count85
\c@figure=\count86
\c@table=\count87
\abovecaptionskip=\skip41
\belowcaptionskip=\skip42
\bibindent=\dimen102
)
(./expected energy.aux)
\openout1 = `"expected energy.aux"'.

LaTeX Font Info:    Checking defaults for OML/cmm/m/it on input line 2.
LaTeX Font Info:    ... okay on input line 2.
LaTeX Font Info:    Checking defaults for T1/cmr/m/n on input line 2.
LaTeX Font Info:    ... okay on input line 2.
LaTeX Font Info:    Checking defaults for OT1/cmr/m/n on input line 2.
LaTeX Font Info:    ... okay on input line 2.
LaTeX Font Info:    Checking defaults for OMS/cmsy/m/n on input line 2.
LaTeX Font Info:    ... okay on input line 2.
LaTeX Font Info:    Checking defaults for OMX/cmex/m/n on input line 2.
LaTeX Font Info:    ... okay on input line 2.
LaTeX Font Info:    Checking defaults for U/cmr/m/n on input line 2.
LaTeX Font Info:    ... okay on input line 2.
LaTeX Font Info:    External font `cmex10' loaded for size
(Font)              <12> on input line 7.
LaTeX Font Info:    External font `cmex10' loaded for size
(Font)              <8> on input line 7.
LaTeX Font Info:    External font `cmex10' loaded for size
(Font)              <6> on input line 7.
 [1

{/usr/share/texlive/texmf-dist/fonts/map/pdftex/updmap/pdftex.map}]
Overfull \hbox (66.80817pt too wide) detected at line 73
\OML/cmm/m/it/12 P\OT1/cmr/m/n/12 (\OML/cmm/m/it/12 x[] \OMS/cmsy/m/n/12 ^^@ \O
ML/cmm/m/it/12 x[] \OT1/cmr/m/n/12 = \OML/cmm/m/it/12 a\OT1/cmr/m/n/12 ) = [] \
OML/cmm/m/it/12 P\OT1/cmr/m/n/12 (\OML/cmm/m/it/12 x[] \OMS/cmsy/m/n/12 ^^@ \OM
L/cmm/m/it/12 x[] \OT1/cmr/m/n/12 = \OML/cmm/m/it/12 a\OMS/cmsy/m/n/12 j\OML/cm
m/m/it/12 x[] \OT1/cmr/m/n/12 = \OML/cmm/m/it/12 b\OT1/cmr/m/n/12 )\OML/cmm/m/i
t/12 P\OT1/cmr/m/n/12 (\OML/cmm/m/it/12 x[] \OT1/cmr/m/n/12 = \OML/cmm/m/it/12 
b\OT1/cmr/m/n/12 ) = [] \OML/cmm/m/it/12 P\OT1/cmr/m/n/12 (\OML/cmm/m/it/12 x[]
 \OT1/cmr/m/n/12 = \OML/cmm/m/it/12 a \OT1/cmr/m/n/12 + \OML/cmm/m/it/12 b\OMS/
cmsy/m/n/12 j\OML/cmm/m/it/12 x[] \OT1/cmr/m/n/12 = \OML/cmm/m/it/12 b\OT1/cmr/
m/n/12 )\OML/cmm/m/it/12 P\OT1/cmr/m/n/12 (\OML/cmm/m/it/12 x[] \OT1/cmr/m/n/12
 = \OML/cmm/m/it/12 b\OT1/cmr/m/n/12 ) =
 []


Overfull \hbox (66.80817pt too wide) detected at line 75
\OML/cmm/m/it/12 P\OT1/cmr/m/n/12 (\OML/cmm/m/it/12 x[] \OMS/cmsy/m/n/12 ^^@ \O
ML/cmm/m/it/12 x[] \OT1/cmr/m/n/12 = \OML/cmm/m/it/12 a\OT1/cmr/m/n/12 ) = [] \
OML/cmm/m/it/12 P\OT1/cmr/m/n/12 (\OML/cmm/m/it/12 x[] \OMS/cmsy/m/n/12 ^^@ \OM
L/cmm/m/it/12 x[] \OT1/cmr/m/n/12 = \OML/cmm/m/it/12 a\OMS/cmsy/m/n/12 j\OML/cm
m/m/it/12 x[] \OT1/cmr/m/n/12 = \OML/cmm/m/it/12 b\OT1/cmr/m/n/12 )\OML/cmm/m/i
t/12 P\OT1/cmr/m/n/12 (\OML/cmm/m/it/12 x[] \OT1/cmr/m/n/12 = \OML/cmm/m/it/12 
b\OT1/cmr/m/n/12 ) = [] \OML/cmm/m/it/12 P\OT1/cmr/m/n/12 (\OML/cmm/m/it/12 x[]
 \OT1/cmr/m/n/12 = \OML/cmm/m/it/12 a \OT1/cmr/m/n/12 + \OML/cmm/m/it/12 b\OMS/
cmsy/m/n/12 j\OML/cmm/m/it/12 x[] \OT1/cmr/m/n/12 = \OML/cmm/m/it/12 b\OT1/cmr/
m/n/12 )\OML/cmm/m/it/12 P\OT1/cmr/m/n/12 (\OML/cmm/m/it/12 x[] \OT1/cmr/m/n/12
 = \OML/cmm/m/it/12 b\OT1/cmr/m/n/12 ) =
 []

[2] [3] (./expected energy.aux) ) 
Here is how much of TeX's memory you used:
 244 strings out of 495025
 2671 string characters out of 6181515
 52332 words of memory out of 5000000
 3534 multiletter control sequences out of 15000+600000
 6982 words of font info for 25 fonts, out of 8000000 for 9000
 14 hyphenation exceptions out of 8191
 22i,5n,19p,352b,107s stack positions out of 5000i,500n,10000p,200000b,80000s
</usr/share/texlive/texmf-dist/fonts/type1/pub
lic/amsfonts/cm/cmbx12.pfb></usr/share/texlive/texmf-dist/fonts/type1/public/am
sfonts/cm/cmex10.pfb></usr/share/texlive/texmf-dist/fonts/type1/public/amsfonts
/cm/cmmi12.pfb></usr/share/texlive/texmf-dist/fonts/type1/public/amsfonts/cm/cm
mi6.pfb></usr/share/texlive/texmf-dist/fonts/type1/public/amsfonts/cm/cmmi8.pfb
></usr/share/texlive/texmf-dist/fonts/type1/public/amsfonts/cm/cmr12.pfb></usr/
share/texlive/texmf-dist/fonts/type1/public/amsfonts/cm/cmr6.pfb></usr/share/te
xlive/texmf-dist/fonts/type1/public/amsfonts/cm/cmr8.pfb></usr/share/texlive/te
xmf-dist/fonts/type1/public/amsfonts/cm/cmsy10.pfb></usr/share/texlive/texmf-di
st/fonts/type1/public/amsfonts/cm/cmsy6.pfb></usr/share/texlive/texmf-dist/font
s/type1/public/amsfonts/cm/cmsy8.pfb>
Output written on "expected energy.pdf" (3 pages, 110602 bytes).
PDF statistics:
 58 PDF objects out of 1000 (max. 8388607)
 41 compressed objects within 1 object stream
 0 named destinations out of 1000 (max. 500000)
 1 words of extra memory for PDF output out of 10000 (max. 10000000)

