This is pdfTeX, Version 3.14159265-2.6-1.40.15 (TeX Live 2014) (preloaded format=pdflatex 2015.2.27)  25 AUG 2015 15:25
entering extended mode
 restricted \write18 enabled.
 %&-line parsing enabled.
**"final report.tex"
(./final report.tex
LaTeX2e <2011/06/27>
Babel <3.9k> and hyphenation patterns for 2 languages loaded.
(/usr/share/texlive/texmf-dist/tex/latex/base/report.cls
Document Class: report 2007/10/19 v1.4h Standard LaTeX document class
(/usr/share/texlive/texmf-dist/tex/latex/base/size12.clo
File: size12.clo 2007/10/19 v1.4h Standard LaTeX file (size option)
)
\c@part=\count79
\c@chapter=\count80
\c@section=\count81
\c@subsection=\count82
\c@subsubsection=\count83
\c@paragraph=\count84
\c@subparagraph=\count85
\c@figure=\count86
\c@table=\count87
\abovecaptionskip=\skip41
\belowcaptionskip=\skip42
\bibindent=\dimen102
)
(/usr/share/texlive/texmf-dist/tex/latex/graphics/graphicx.sty
Package: graphicx 1999/02/16 v1.0f Enhanced LaTeX Graphics (DPC,SPQR)

(/usr/share/texlive/texmf-dist/tex/latex/graphics/keyval.sty
Package: keyval 1999/03/16 v1.13 key=value parser (DPC)
\KV@toks@=\toks14
)
(/usr/share/texlive/texmf-dist/tex/latex/graphics/graphics.sty
Package: graphics 2009/02/05 v1.0o Standard LaTeX Graphics (DPC,SPQR)

(/usr/share/texlive/texmf-dist/tex/latex/graphics/trig.sty
Package: trig 1999/03/16 v1.09 sin cos tan (DPC)
)
(/usr/share/texlive/texmf-dist/tex/latex/latexconfig/graphics.cfg
File: graphics.cfg 2010/04/23 v1.9 graphics configuration of TeX Live
)
Package graphics Info: Driver file: pdftex.def on input line 91.

(/usr/share/texlive/texmf-dist/tex/latex/pdftex-def/pdftex.def
File: pdftex.def 2011/05/27 v0.06d Graphics/color for pdfTeX

(/usr/share/texlive/texmf-dist/tex/generic/oberdiek/infwarerr.sty
Package: infwarerr 2010/04/08 v1.3 Providing info/warning/error messages (HO)
)
(/usr/share/texlive/texmf-dist/tex/generic/oberdiek/ltxcmds.sty
Package: ltxcmds 2011/11/09 v1.22 LaTeX kernel commands for general use (HO)
)
\Gread@gobject=\count88
))
\Gin@req@height=\dimen103
\Gin@req@width=\dimen104
)
(/usr/share/texlive/texmf-dist/tex/latex/url/url.sty
\Urlmuskip=\muskip10
Package: url 2013/09/16  ver 3.4  Verb mode for urls, etc.
)
(/usr/share/texlive/texmf-dist/tex/latex/geometry/geometry.sty
Package: geometry 2010/09/12 v5.6 Page Geometry

(/usr/share/texlive/texmf-dist/tex/generic/oberdiek/ifpdf.sty
Package: ifpdf 2011/01/30 v2.3 Provides the ifpdf switch (HO)
Package ifpdf Info: pdfTeX in PDF mode is detected.
)
(/usr/share/texlive/texmf-dist/tex/generic/oberdiek/ifvtex.sty
Package: ifvtex 2010/03/01 v1.5 Detect VTeX and its facilities (HO)
Package ifvtex Info: VTeX not detected.
)
(/usr/share/texlive/texmf-dist/tex/generic/ifxetex/ifxetex.sty
Package: ifxetex 2010/09/12 v0.6 Provides ifxetex conditional
)
\Gm@cnth=\count89
\Gm@cntv=\count90
\c@Gm@tempcnt=\count91
\Gm@bindingoffset=\dimen105
\Gm@wd@mp=\dimen106
\Gm@odd@mp=\dimen107
\Gm@even@mp=\dimen108
\Gm@layoutwidth=\dimen109
\Gm@layoutheight=\dimen110
\Gm@layouthoffset=\dimen111
\Gm@layoutvoffset=\dimen112
\Gm@dimlist=\toks15
)
(/usr/share/texlive/texmf-dist/tex/latex/caption/caption.sty
Package: caption 2013/05/02 v3.3-89 Customizing captions (AR)

(/usr/share/texlive/texmf-dist/tex/latex/caption/caption3.sty
Package: caption3 2013/05/02 v1.6-88 caption3 kernel (AR)
Package caption3 Info: TeX engine: e-TeX on input line 57.
\captionmargin=\dimen113
\captionmargin@=\dimen114
\captionwidth=\dimen115
\caption@tempdima=\dimen116
\caption@indent=\dimen117
\caption@parindent=\dimen118
\caption@hangindent=\dimen119
)
\c@ContinuedFloat=\count92
)
(/usr/share/texlive/texmf-dist/tex/latex/caption/subcaption.sty
Package: subcaption 2013/02/03 v1.1-62 Sub-captions (AR)
\c@subfigure=\count93
\c@subtable=\count94
)
(/usr/share/texlive/texmf-dist/tex/latex/eurosym/eurosym.sty
Package: eurosym 1998/08/06 v1.1 European currency symbol ``Euro''
\@eurobox=\box26
)
(/usr/share/texlive/texmf-dist/tex/latex/amsmath/amsmath.sty
Package: amsmath 2013/01/14 v2.14 AMS math features
\@mathmargin=\skip43

For additional information on amsmath, use the `?' option.
(/usr/share/texlive/texmf-dist/tex/latex/amsmath/amstext.sty
Package: amstext 2000/06/29 v2.01

(/usr/share/texlive/texmf-dist/tex/latex/amsmath/amsgen.sty
File: amsgen.sty 1999/11/30 v2.0
\@emptytoks=\toks16
\ex@=\dimen120
))
(/usr/share/texlive/texmf-dist/tex/latex/amsmath/amsbsy.sty
Package: amsbsy 1999/11/29 v1.2d
\pmbraise@=\dimen121
)
(/usr/share/texlive/texmf-dist/tex/latex/amsmath/amsopn.sty
Package: amsopn 1999/12/14 v2.01 operator names
)
\inf@bad=\count95
LaTeX Info: Redefining \frac on input line 210.
\uproot@=\count96
\leftroot@=\count97
LaTeX Info: Redefining \overline on input line 306.
\classnum@=\count98
\DOTSCASE@=\count99
LaTeX Info: Redefining \ldots on input line 378.
LaTeX Info: Redefining \dots on input line 381.
LaTeX Info: Redefining \cdots on input line 466.
\Mathstrutbox@=\box27
\strutbox@=\box28
\big@size=\dimen122
LaTeX Font Info:    Redeclaring font encoding OML on input line 566.
LaTeX Font Info:    Redeclaring font encoding OMS on input line 567.
\macc@depth=\count100
\c@MaxMatrixCols=\count101
\dotsspace@=\muskip11
\c@parentequation=\count102
\dspbrk@lvl=\count103
\tag@help=\toks17
\row@=\count104
\column@=\count105
\maxfields@=\count106
\andhelp@=\toks18
\eqnshift@=\dimen123
\alignsep@=\dimen124
\tagshift@=\dimen125
\tagwidth@=\dimen126
\totwidth@=\dimen127
\lineht@=\dimen128
\@envbody=\toks19
\multlinegap=\skip44
\multlinetaggap=\skip45
\mathdisplay@stack=\toks20
LaTeX Info: Redefining \[ on input line 2665.
LaTeX Info: Redefining \] on input line 2666.
)
(/usr/share/texlive/texmf-dist/tex/latex/xcolor/xcolor.sty
Package: xcolor 2007/01/21 v2.11 LaTeX color extensions (UK)

(/usr/share/texlive/texmf-dist/tex/latex/latexconfig/color.cfg
File: color.cfg 2007/01/18 v1.5 color configuration of teTeX/TeXLive
)
Package xcolor Info: Driver file: pdftex.def on input line 225.
Package xcolor Info: Model `cmy' substituted by `cmy0' on input line 1337.
Package xcolor Info: Model `hsb' substituted by `rgb' on input line 1341.
Package xcolor Info: Model `RGB' extended on input line 1353.
Package xcolor Info: Model `HTML' substituted by `rgb' on input line 1355.
Package xcolor Info: Model `Hsb' substituted by `hsb' on input line 1356.
Package xcolor Info: Model `tHsb' substituted by `hsb' on input line 1357.
Package xcolor Info: Model `HSB' substituted by `hsb' on input line 1358.
Package xcolor Info: Model `Gray' substituted by `gray' on input line 1359.
Package xcolor Info: Model `wave' substituted by `hsb' on input line 1360.
)
(./final report.aux

LaTeX Warning: Label `fig:energyPrediction' multiply defined.

)
\openout1 = `"final report.aux"'.

LaTeX Font Info:    Checking defaults for OML/cmm/m/it on input line 16.
LaTeX Font Info:    ... okay on input line 16.
LaTeX Font Info:    Checking defaults for T1/cmr/m/n on input line 16.
LaTeX Font Info:    ... okay on input line 16.
LaTeX Font Info:    Checking defaults for OT1/cmr/m/n on input line 16.
LaTeX Font Info:    ... okay on input line 16.
LaTeX Font Info:    Checking defaults for OMS/cmsy/m/n on input line 16.
LaTeX Font Info:    ... okay on input line 16.
LaTeX Font Info:    Checking defaults for OMX/cmex/m/n on input line 16.
LaTeX Font Info:    ... okay on input line 16.
LaTeX Font Info:    Checking defaults for U/cmr/m/n on input line 16.
LaTeX Font Info:    ... okay on input line 16.
 (/usr/share/texlive/texmf-dist/tex/context/base/supp-pdf.mkii
[Loading MPS to PDF converter (version 2006.09.02).]
\scratchcounter=\count107
\scratchdimen=\dimen129
\scratchbox=\box29
\nofMPsegments=\count108
\nofMParguments=\count109
\everyMPshowfont=\toks21
\MPscratchCnt=\count110
\MPscratchDim=\dimen130
\MPnumerator=\count111
\makeMPintoPDFobject=\count112
\everyMPtoPDFconversion=\toks22
) (/usr/share/texlive/texmf-dist/tex/generic/oberdiek/pdftexcmds.sty
Package: pdftexcmds 2011/11/29 v0.20 Utility functions of pdfTeX for LuaTeX (HO
)

(/usr/share/texlive/texmf-dist/tex/generic/oberdiek/ifluatex.sty
Package: ifluatex 2010/03/01 v1.3 Provides the ifluatex switch (HO)
Package ifluatex Info: LuaTeX not detected.
)
Package pdftexcmds Info: LuaTeX not detected.
Package pdftexcmds Info: \pdf@primitive is available.
Package pdftexcmds Info: \pdf@ifprimitive is available.
Package pdftexcmds Info: \pdfdraftmode found.
)
(/usr/share/texlive/texmf-dist/tex/latex/oberdiek/epstopdf-base.sty
Package: epstopdf-base 2010/02/09 v2.5 Base part for package epstopdf

(/usr/share/texlive/texmf-dist/tex/latex/oberdiek/grfext.sty
Package: grfext 2010/08/19 v1.1 Manage graphics extensions (HO)

(/usr/share/texlive/texmf-dist/tex/generic/oberdiek/kvdefinekeys.sty
Package: kvdefinekeys 2011/04/07 v1.3 Define keys (HO)
))
(/usr/share/texlive/texmf-dist/tex/latex/oberdiek/kvoptions.sty
Package: kvoptions 2011/06/30 v3.11 Key value format for package options (HO)

(/usr/share/texlive/texmf-dist/tex/generic/oberdiek/kvsetkeys.sty
Package: kvsetkeys 2012/04/25 v1.16 Key value parser (HO)

(/usr/share/texlive/texmf-dist/tex/generic/oberdiek/etexcmds.sty
Package: etexcmds 2011/02/16 v1.5 Avoid name clashes with e-TeX commands (HO)
Package etexcmds Info: Could not find \expanded.
(etexcmds)             That can mean that you are not using pdfTeX 1.50 or
(etexcmds)             that some package has redefined \expanded.
(etexcmds)             In the latter case, load this package earlier.
)))
Package grfext Info: Graphics extension search list:
(grfext)             [.png,.pdf,.jpg,.mps,.jpeg,.jbig2,.jb2,.PNG,.PDF,.JPG,.JPE
G,.JBIG2,.JB2,.eps]
(grfext)             \AppendGraphicsExtensions on input line 452.

(/usr/share/texlive/texmf-dist/tex/latex/latexconfig/epstopdf-sys.cfg
File: epstopdf-sys.cfg 2010/07/13 v1.3 Configuration of (r)epstopdf for TeX Liv
e
))
*geometry* driver: auto-detecting
*geometry* detected driver: pdftex
*geometry* verbose mode - [ preamble ] result:
* driver: pdftex
* paper: <default>
* layout: <same size as paper>
* layoutoffset:(h,v)=(0.0pt,0.0pt)
* modes: 
* h-part:(L,W,R)=(60.0pt, 494.295pt, 60.0pt)
* v-part:(T,H,B)=(60.0pt, 664.96999pt, 70.0pt)
* \paperwidth=614.295pt
* \paperheight=794.96999pt
* \textwidth=494.295pt
* \textheight=664.96999pt
* \oddsidemargin=-12.26999pt
* \evensidemargin=-12.26999pt
* \topmargin=-49.26999pt
* \headheight=12.0pt
* \headsep=25.0pt
* \topskip=12.0pt
* \footskip=30.0pt
* \marginparwidth=44.0pt
* \marginparsep=10.0pt
* \columnsep=10.0pt
* \skip\footins=10.8pt plus 4.0pt minus 2.0pt
* \hoffset=0.0pt
* \voffset=0.0pt
* \mag=1000
* \@twocolumnfalse
* \@twosidefalse
* \@mparswitchfalse
* \@reversemarginfalse
* (1in=72.27pt=25.4mm, 1cm=28.453pt)

Package caption Info: Begin \AtBeginDocument code.
Package caption Info: End \AtBeginDocument code.
<images/univer.png, id=1, 155.58125pt x 160.6pt>
File: images/univer.png Graphic file (type png)
 <use images/univer.png>
Package pdftex.def Info: images/univer.png used on input line 69.
(pdftex.def)             Requested size: 48.619pt x 50.18768pt.

<images/inria.png, id=2, 375.4025pt x 135.50626pt>
File: images/inria.png Graphic file (type png)
 <use images/inria.png>
Package pdftex.def Info: images/inria.png used on input line 70.
(pdftex.def)             Requested size: 111.22966pt x 40.15015pt.

[1

{/usr/share/texlive/texmf-dist/fonts/map/pdftex/updmap/pdftex.map} <./images/un
iver.png> <./images/inria.png>] (./final report.toc [1

])
\tf@toc=\write3
\openout3 = `"final report.toc"'.

 [2] [3

] [4]
Chapter 1.
[5

] [6] [7] [8] <images/senate.jpg, id=45, 803.0pt x 461.725pt>
File: images/senate.jpg Graphic file (type jpg)

<use images/senate.jpg>
Package pdftex.def Info: images/senate.jpg used on input line 243.
(pdftex.def)             Requested size: 436.41943pt x 250.93842pt.
 [9] [10 <./images/senate.jpg>]
<images/observation2.jpg, id=52, 564.1075pt x 419.5675pt>
File: images/observation2.jpg Graphic file (type jpg)

<use images/observation2.jpg>
Package pdftex.def Info: images/observation2.jpg used on input line 288.
(pdftex.def)             Requested size: 222.43123pt x 165.43605pt.

<images/observation3.jpg, id=53, 564.1075pt x 419.5675pt>
File: images/observation3.jpg Graphic file (type jpg)

<use images/observation3.jpg>
Package pdftex.def Info: images/observation3.jpg used on input line 294.
(pdftex.def)             Requested size: 222.43123pt x 165.43605pt.
 [11 <./images/observation2.jpg> <./images/observation3.jpg>] [12] <images/skip
ping1.jpeg, id=63, 720.44156pt x 438.13687pt>
File: images/skipping1.jpeg Graphic file (type jpg)

<use images/skipping1.jpeg>
Package pdftex.def Info: images/skipping1.jpeg used on input line 337.
(pdftex.def)             Requested size: 238.44765pt x 145.00679pt.

<images/skipping2.jpeg, id=64, 720.44156pt x 438.13687pt>
File: images/skipping2.jpeg Graphic file (type jpg)

<use images/skipping2.jpeg>
Package pdftex.def Info: images/skipping2.jpeg used on input line 358.
(pdftex.def)             Requested size: 238.44765pt x 145.00679pt.

<images/skipping3.jpeg, id=65, 720.44156pt x 438.13687pt>
File: images/skipping3.jpeg Graphic file (type jpg)

<use images/skipping3.jpeg>
Package pdftex.def Info: images/skipping3.jpeg used on input line 376.
(pdftex.def)             Requested size: 238.44765pt x 145.00679pt.
 [13 <./images/skipping1.jpeg> <./images/skipping2.jpeg> <./images/skipping3.jp
eg>]
Chapter 2.
[14

] [15] [16]
LaTeX Font Info:    Try loading font information for OMS+cmr on input line 500.

 (/usr/share/texlive/texmf-dist/tex/latex/base/omscmr.fd
File: omscmr.fd 1999/05/25 v2.5h Standard LaTeX font definitions
)
LaTeX Font Info:    Font shape `OMS/cmr/m/n' in size <12> not available
(Font)              Font shape `OMS/cmsy/m/n' tried instead on input line 500.

<images/GibbsVertexExample.jpeg, id=81, 251.43938pt x 185.19188pt>
File: images/GibbsVertexExample.jpeg Graphic file (type jpg)

<use images/GibbsVertexExample.jpeg>
Package pdftex.def Info: images/GibbsVertexExample.jpeg used on input line 529.

(pdftex.def)             Requested size: 136.28166pt x 100.37537pt.
 [17] [18 <./images/GibbsVertexExample.jpeg>] <images/rggT1.jpg, id=89, 562.1pt
 x 421.575pt>
File: images/rggT1.jpg Graphic file (type jpg)
 <use images/rggT1.jpg>
Package pdftex.def Info: images/rggT1.jpg used on input line 576.
(pdftex.def)             Requested size: 197.71498pt x 148.28677pt.

<images/rggT5.jpg, id=90, 564.1075pt x 419.5675pt>
File: images/rggT5.jpg Graphic file (type jpg)
 <use images/rggT5.jpg>
Package pdftex.def Info: images/rggT5.jpg used on input line 582.
(pdftex.def)             Requested size: 197.71498pt x 147.05568pt.

<images/rggT20.jpg, id=91, 564.1075pt x 419.5675pt>
File: images/rggT20.jpg Graphic file (type jpg)
 <use images/rggT20.jpg>
Package pdftex.def Info: images/rggT20.jpg used on input line 588.
(pdftex.def)             Requested size: 197.71498pt x 147.05568pt.

<images/rggT1000.jpg, id=92, 562.1pt x 421.575pt>
File: images/rggT1000.jpg Graphic file (type jpg)
 <use images/rggT1000.jpg>
Package pdftex.def Info: images/rggT1000.jpg used on input line 594.
(pdftex.def)             Requested size: 197.71498pt x 148.28677pt.

<images/rggT1corr.jpg, id=93, 501.875pt x 250.9375pt>
File: images/rggT1corr.jpg Graphic file (type jpg)

<use images/rggT1corr.jpg>
Package pdftex.def Info: images/rggT1corr.jpg used on input line 619.
(pdftex.def)             Requested size: 197.71498pt x 98.85693pt.

<images/rggT5corr.jpg, id=94, 501.875pt x 250.9375pt>
File: images/rggT5corr.jpg Graphic file (type jpg)

<use images/rggT5corr.jpg>
Package pdftex.def Info: images/rggT5corr.jpg used on input line 625.
(pdftex.def)             Requested size: 197.71498pt x 98.85693pt.

<images/rggT20corr.jpg, id=95, 503.8825pt x 248.93pt>
File: images/rggT20corr.jpg Graphic file (type jpg)

<use images/rggT20corr.jpg>
Package pdftex.def Info: images/rggT20corr.jpg used on input line 631.
(pdftex.def)             Requested size: 197.71498pt x 97.67485pt.

<images/rggT1000corr.jpg, id=96, 503.8825pt x 248.93pt>
File: images/rggT1000corr.jpg Graphic file (type jpg)

<use images/rggT1000corr.jpg>
Package pdftex.def Info: images/rggT1000corr.jpg used on input line 637.
(pdftex.def)             Requested size: 197.71498pt x 97.67485pt.
 [19 <./images/rggT1.jpg> <./images/rggT5.jpg> <./images/rggT20.jpg> <./images/
rggT1000.jpg>]
<images/energy2.jpg, id=100, 564.1075pt x 419.5675pt>
File: images/energy2.jpg Graphic file (type jpg)
 <use images/energy2.jpg>
Package pdftex.def Info: images/energy2.jpg used on input line 666.
(pdftex.def)             Requested size: 222.43123pt x 165.43605pt.

<images/energy10.jpg, id=101, 564.1075pt x 419.5675pt>
File: images/energy10.jpg Graphic file (type jpg)

<use images/energy10.jpg>
Package pdftex.def Info: images/energy10.jpg used on input line 672.
(pdftex.def)             Requested size: 222.43123pt x 165.43605pt.
 [20 <./images/rggT1corr.jpg> <./images/rggT5corr.jpg> <./images/rggT20corr.jpg
> <./images/rggT1000corr.jpg>]
Overfull \hbox (15.44049pt too wide) in paragraph at lines 705--706
[]\OT1/cmr/m/n/12 Let the ran-dom vari-able $\OML/cmm/m/it/12 "\OT1/cmr/m/n/12 
([])$ be to-tal en-ergy of the graph with ran-dom field $[] = (\OML/cmm/m/it/12
 X[]; X[]; :::; X[]\OT1/cmr/m/n/12 )$.
 []

[21 <./images/energy2.jpg> <./images/energy10.jpg>] [22]
Underfull \hbox (badness 10000) in paragraph at lines 755--756

 []


Underfull \hbox (badness 10000) in paragraph at lines 763--764

 []

[23]
Underfull \hbox (badness 10000) in paragraph at lines 802--803

 []

[24] <images/er200x01.jpg, id=119, 562.1pt x 421.575pt>
File: images/er200x01.jpg Graphic file (type jpg)

<use images/er200x01.jpg>
Package pdftex.def Info: images/er200x01.jpg used on input line 841.
(pdftex.def)             Requested size: 197.71498pt x 148.28677pt.

<images/pa200x1.jpg, id=120, 641.39626pt x 524.96124pt>
File: images/pa200x1.jpg Graphic file (type jpg)

<use images/pa200x1.jpg>
Package pdftex.def Info: images/pa200x1.jpg used on input line 847.
(pdftex.def)             Requested size: 197.71498pt x 161.82314pt.

<images/rgg200x013.jpg, id=121, 564.1075pt x 419.5675pt>
File: images/rgg200x013.jpg Graphic file (type jpg)

<use images/rgg200x013.jpg>
Package pdftex.def Info: images/rgg200x013.jpg used on input line 853.
(pdftex.def)             Requested size: 197.71498pt x 147.05568pt.

<images/facebookEnergy.jpg, id=122, 564.1075pt x 419.5675pt>
File: images/facebookEnergy.jpg Graphic file (type jpg)

<use images/facebookEnergy.jpg>
Package pdftex.def Info: images/facebookEnergy.jpg used on input line 859.
(pdftex.def)             Requested size: 197.71498pt x 147.05568pt.
 [25] [26 <./images/er200x01.jpg> <./images/pa200x1.jpg> <./images/rgg200x013.j
pg> <./images/facebookEnergy.jpg>]
Overfull \hbox (35.85301pt too wide) in paragraph at lines 905--906
[]\OT1/cmr/m/n/12 When each $\OML/cmm/m/it/12 k$\OT1/cmr/m/n/12 th per-son is a
 par-tic-i-pant, it means that for real we have only val-ues $\OML/cmm/m/it/12 
Y[]; Y[]; Y[]; :::; Y[]$
 []

[27] <images/corrFactor.jpg, id=133, 632.3625pt x 335.2525pt>
File: images/corrFactor.jpg Graphic file (type jpg)

<use images/corrFactor.jpg>
Package pdftex.def Info: images/corrFactor.jpg used on input line 959.
(pdftex.def)             Requested size: 283.9912pt x 150.56305pt.
 [28 <./images/corrFactor.jpg>]
<images/lineGame1.jpg, id=137, 564.1075pt x 343.2825pt>
File: images/lineGame1.jpg Graphic file (type jpg)

<use images/lineGame1.jpg>
Package pdftex.def Info: images/lineGame1.jpg used on input line 972.
(pdftex.def)             Requested size: 247.41617pt x 150.56305pt.

<images/varianceIndDep2.jpg, id=138, 871.255pt x 459.7175pt>
File: images/varianceIndDep2.jpg Graphic file (type jpg)

<use images/varianceIndDep2.jpg>
Package pdftex.def Info: images/varianceIndDep2.jpg used on input line 982.
(pdftex.def)             Requested size: 285.34807pt x 150.56305pt.
 [29 <./images/lineGame1.jpg> <./images/varianceIndDep2.jpg>] <images/varPredDi
fRho.jpg, id=142, 697.60625pt x 461.725pt>
File: images/varPredDifRho.jpg Graphic file (type jpg)

<use images/varPredDifRho.jpg>
Package pdftex.def Info: images/varPredDifRho.jpg used on input line 1041.
(pdftex.def)             Requested size: 303.30724pt x 200.75073pt.
 [30] [31 <./images/varPredDifRho.jpg>]
<images/facebookBad.jpg, id=150, 564.1075pt x 419.5675pt>
File: images/facebookBad.jpg Graphic file (type jpg)

<use images/facebookBad.jpg>
Package pdftex.def Info: images/facebookBad.jpg used on input line 1088.
(pdftex.def)             Requested size: 269.90776pt x 200.75073pt.
 [32 <./images/facebookBad.jpg>] [33] [34]
<images/facebookGood.jpg, id=160, 564.1075pt x 419.5675pt>
File: images/facebookGood.jpg Graphic file (type jpg)

<use images/facebookGood.jpg>
Package pdftex.def Info: images/facebookGood.jpg used on input line 1204.
(pdftex.def)             Requested size: 269.90776pt x 200.75073pt.
 [35 <./images/facebookGood.jpg>] [36]
<images/pr90race.jpg, id=168, 641.39626pt x 431.6125pt>
File: images/pr90race.jpg Graphic file (type jpg)

<use images/pr90race.jpg>
Package pdftex.def Info: images/pr90race.jpg used on input line 1269.
(pdftex.def)             Requested size: 197.71498pt x 133.0477pt.

<images/studRace.jpg, id=169, 641.39626pt x 403.5075pt>
File: images/studRace.jpg Graphic file (type jpg)

<use images/studRace.jpg>
Package pdftex.def Info: images/studRace.jpg used on input line 1275.
(pdftex.def)             Requested size: 197.71498pt x 124.38412pt.

<images/pr90gender.jpg, id=170, 641.39626pt x 435.6275pt>
File: images/pr90gender.jpg Graphic file (type jpg)

<use images/pr90gender.jpg>
Package pdftex.def Info: images/pr90gender.jpg used on input line 1283.
(pdftex.def)             Requested size: 197.71498pt x 134.28535pt.

<images/studSex.jpg, id=171, 641.39626pt x 409.53pt>
File: images/studSex.jpg Graphic file (type jpg)
 <use images/studSex.jpg>
Package pdftex.def Info: images/studSex.jpg used on input line 1289.
(pdftex.def)             Requested size: 197.71498pt x 126.2406pt.


LaTeX Warning: `h' float specifier changed to `ht'.

<images/pr90dealer.jpg, id=172, 641.39626pt x 447.6725pt>
File: images/pr90dealer.jpg Graphic file (type jpg)

<use images/pr90dealer.jpg>
Package pdftex.def Info: images/pr90dealer.jpg used on input line 1298.
(pdftex.def)             Requested size: 197.71498pt x 137.9983pt.

<images/studGrade.jpg, id=173, 641.39626pt x 451.6875pt>
File: images/studGrade.jpg Graphic file (type jpg)

<use images/studGrade.jpg>
Package pdftex.def Info: images/studGrade.jpg used on input line 1304.
(pdftex.def)             Requested size: 197.71498pt x 139.23596pt.


LaTeX Warning: `h' float specifier changed to `ht'.

<images/project90gender.png, id=174, 1027.84pt x 1027.84pt>
File: images/project90gender.png Graphic file (type png)

<use images/project90gender.png>
Package pdftex.def Info: images/project90gender.png used on input line 1315.
(pdftex.def)             Requested size: 501.87376pt x 501.87683pt.

Overfull \hbox (7.57877pt too wide) in paragraph at lines 1315--1316
 [][] 
 []

<images/addhealthRace.png, id=176, 1027.84pt x 1027.84pt>
File: images/addhealthRace.png Graphic file (type png)

<use images/addhealthRace.png>
Package pdftex.def Info: images/addhealthRace.png used on input line 1322.
(pdftex.def)             Requested size: 501.87376pt x 501.87683pt.

Overfull \hbox (7.57877pt too wide) in paragraph at lines 1322--1323
 [][] 
 []

[37 <./images/pr90race.jpg> <./images/studRace.jpg>] [38 <./images/pr90gender.j
pg> <./images/studSex.jpg> <./images/pr90dealer.jpg> <./images/studGrade.jpg>]
[39 <./images/project90gender.png>] [40 <./images/addhealthRace.png>]
Chapter 3.
<images/estimators_disabled.jpg, id=191, 714.67pt x 536.0025pt>
File: images/estimators_disabled.jpg Graphic file (type jpg)

<use images/estimators_disabled.jpg>
Package pdftex.def Info: images/estimators_disabled.jpg used on input line 1345
.
(pdftex.def)             Requested size: 148.29pt x 111.21436pt.

<images/estimators_drugCook.jpg, id=192, 714.67pt x 536.0025pt>
File: images/estimators_drugCook.jpg Graphic file (type jpg)

<use images/estimators_drugCook.jpg>
Package pdftex.def Info: images/estimators_drugCook.jpg used on input line 1351
.
(pdftex.def)             Requested size: 148.29pt x 111.21436pt.

<images/estimators_drugDealer.jpg, id=193, 714.67pt x 536.0025pt>
File: images/estimators_drugDealer.jpg Graphic file (type jpg)

<use images/estimators_drugDealer.jpg>
Package pdftex.def Info: images/estimators_drugDealer.jpg used on input line 13
57.
(pdftex.def)             Requested size: 148.29pt x 111.21436pt.

<images/estimators_homeless.jpg, id=194, 714.67pt x 536.0025pt>
File: images/estimators_homeless.jpg Graphic file (type jpg)

<use images/estimators_homeless.jpg>
Package pdftex.def Info: images/estimators_homeless.jpg used on input line 1364
.
(pdftex.def)             Requested size: 148.29pt x 111.21436pt.

<images/estimators_housewife.jpg, id=195, 714.67pt x 536.0025pt>
File: images/estimators_housewife.jpg Graphic file (type jpg)

<use images/estimators_housewife.jpg>
Package pdftex.def Info: images/estimators_housewife.jpg used on input line 137
0.
(pdftex.def)             Requested size: 148.29pt x 111.21436pt.

<images/estimators_pimp.jpg, id=196, 714.67pt x 536.0025pt>
File: images/estimators_pimp.jpg Graphic file (type jpg)

<use images/estimators_pimp.jpg>
Package pdftex.def Info: images/estimators_pimp.jpg used on input line 1376.
(pdftex.def)             Requested size: 148.29pt x 111.21436pt.

<images/estimators_race.jpg, id=197, 714.67pt x 536.0025pt>
File: images/estimators_race.jpg Graphic file (type jpg)

<use images/estimators_race.jpg>
Package pdftex.def Info: images/estimators_race.jpg used on input line 1382.
(pdftex.def)             Requested size: 148.29pt x 111.21436pt.

<images/estimators_sexWorkClient.jpg, id=198, 714.67pt x 536.0025pt>
File: images/estimators_sexWorkClient.jpg Graphic file (type jpg)

<use images/estimators_sexWorkClient.jpg>
Package pdftex.def Info: images/estimators_sexWorkClient.jpg used on input line
 1388.
(pdftex.def)             Requested size: 148.29pt x 111.21436pt.

<images/estimators_sexWorker.jpg, id=199, 714.67pt x 536.0025pt>
File: images/estimators_sexWorker.jpg Graphic file (type jpg)

<use images/estimators_sexWorker.jpg>
Package pdftex.def Info: images/estimators_sexWorker.jpg used on input line 139
4.
(pdftex.def)             Requested size: 148.29pt x 111.21436pt.

<images/estimators_thief.jpg, id=200, 714.67pt x 536.0025pt>
File: images/estimators_thief.jpg Graphic file (type jpg)

<use images/estimators_thief.jpg>
Package pdftex.def Info: images/estimators_thief.jpg used on input line 1400.
(pdftex.def)             Requested size: 148.29pt x 111.21436pt.

<images/estimators_unemployed.jpg, id=201, 714.67pt x 536.0025pt>
File: images/estimators_unemployed.jpg Graphic file (type jpg)

<use images/estimators_unemployed.jpg>
Package pdftex.def Info: images/estimators_unemployed.jpg used on input line 14
06.
(pdftex.def)             Requested size: 148.29pt x 111.21436pt.

<images/estimators_racesc.jpg, id=202, 714.67pt x 536.0025pt>
File: images/estimators_racesc.jpg Graphic file (type jpg)

<use images/estimators_racesc.jpg>
Package pdftex.def Info: images/estimators_racesc.jpg used on input line 1412.
(pdftex.def)             Requested size: 148.29pt x 111.21436pt.

<images/estimators_sex.jpg, id=203, 714.67pt x 536.0025pt>
File: images/estimators_sex.jpg Graphic file (type jpg)

<use images/estimators_sex.jpg>
Package pdftex.def Info: images/estimators_sex.jpg used on input line 1418.
(pdftex.def)             Requested size: 148.29pt x 111.21436pt.

<images/estimators_grade.jpg, id=204, 714.67pt x 536.0025pt>
File: images/estimators_grade.jpg Graphic file (type jpg)

<use images/estimators_grade.jpg>
Package pdftex.def Info: images/estimators_grade.jpg used on input line 1424.
(pdftex.def)             Requested size: 148.29pt x 111.21436pt.

<images/estimators_school.jpg, id=205, 714.67pt x 536.0025pt>
File: images/estimators_school.jpg Graphic file (type jpg)

<use images/estimators_school.jpg>
Package pdftex.def Info: images/estimators_school.jpg used on input line 1430.
(pdftex.def)             Requested size: 148.29pt x 111.21436pt.


LaTeX Warning: `h' float specifier changed to `ht'.


Package caption Warning: \label without proper \caption on input line 1467.
See the caption package documentation for explanation.


LaTeX Warning: Reference `fig:degree-val' on page 41 undefined on input line 14
46.

[41

] <images/corrDegreePr90.jpg, id=209, 986.68625pt x 438.63875pt>
File: images/corrDegreePr90.jpg Graphic file (type jpg)

<use images/corrDegreePr90.jpg>
Package pdftex.def Info: images/corrDegreePr90.jpg used on input line 1455.
(pdftex.def)             Requested size: 296.58pt x 131.84697pt.

<images/corrDegreeStud.jpg, id=210, 641.39626pt x 285.065pt>
File: images/corrDegreeStud.jpg Graphic file (type jpg)

<use images/corrDegreeStud.jpg>
Package pdftex.def Info: images/corrDegreeStud.jpg used on input line 1461.
(pdftex.def)             Requested size: 148.29pt x 65.90285pt.


LaTeX Warning: `h' float specifier changed to `ht'.

[42] [43 <./images/estimators_disabled.jpg> <./images/estimators_drugCook.jpg> 
<./images/estimators_drugDealer.jpg> <./images/estimators_homeless.jpg> <./imag
es/estimators_housewife.jpg> <./images/estimators_pimp.jpg> <./images/estimator
s_race.jpg> <./images/estimators_sexWorkClient.jpg> <./images/estimators_sexWor
ker.jpg> <./images/estimators_thief.jpg> <./images/estimators_unemployed.jpg> <
./images/estimators_racesc.jpg> <./images/estimators_sex.jpg> <./images/estimat
ors_grade.jpg> <./images/estimators_school.jpg>] [44 <./images/corrDegreePr90.j
pg> <./images/corrDegreeStud.jpg>] [45

] (./final report.bbl [46]
Missing character: There is no â in font cmr12!
Missing character: There is no € in font cmr12!
Missing character: There is no ™ in font cmr12!
 [47

]) [48]
(./final report.aux)

LaTeX Warning: There were undefined references.


LaTeX Warning: There were multiply-defined labels.

 ) 
Here is how much of TeX's memory you used:
 4650 strings out of 495025
 70441 string characters out of 6181515
 138201 words of memory out of 5000000
 7753 multiletter control sequences out of 15000+600000
 13084 words of font info for 47 fonts, out of 8000000 for 9000
 14 hyphenation exceptions out of 8191
 38i,12n,38p,923b,488s stack positions out of 5000i,500n,10000p,200000b,80000s
</usr/share/texlive/texmf-dist/fonts/type1/public/amsfonts/cm/cmbx12.pfb></us
r/share/texlive/texmf-dist/fonts/type1/public/amsfonts/cm/cmbxti10.pfb></usr/sh
are/texlive/texmf-dist/fonts/type1/public/amsfonts/cm/cmcsc10.pfb></usr/share/t
exlive/texmf-dist/fonts/type1/public/amsfonts/cm/cmex10.pfb></usr/share/texlive
/texmf-dist/fonts/type1/public/amsfonts/cmextra/cmex7.pfb></usr/share/texlive/t
exmf-dist/fonts/type1/public/amsfonts/cm/cmmi10.pfb></usr/share/texlive/texmf-d
ist/fonts/type1/public/amsfonts/cm/cmmi12.pfb></usr/share/texlive/texmf-dist/fo
nts/type1/public/amsfonts/cm/cmmi6.pfb></usr/share/texlive/texmf-dist/fonts/typ
e1/public/amsfonts/cm/cmmi8.pfb></usr/share/texlive/texmf-dist/fonts/type1/publ
ic/amsfonts/cm/cmr10.pfb></usr/share/texlive/texmf-dist/fonts/type1/public/amsf
onts/cm/cmr12.pfb></usr/share/texlive/texmf-dist/fonts/type1/public/amsfonts/cm
/cmr6.pfb></usr/share/texlive/texmf-dist/fonts/type1/public/amsfonts/cm/cmr8.pf
b></usr/share/texlive/texmf-dist/fonts/type1/public/amsfonts/cm/cmsy10.pfb></us
r/share/texlive/texmf-dist/fonts/type1/public/amsfonts/cm/cmsy6.pfb></usr/share
/texlive/texmf-dist/fonts/type1/public/amsfonts/cm/cmsy8.pfb></usr/share/texliv
e/texmf-dist/fonts/type1/public/amsfonts/cm/cmti12.pfb></usr/share/texlive/texm
f-dist/fonts/type1/public/amsfonts/cm/cmtt12.pfb></usr/share/texlive/texmf-dist
/fonts/type1/public/eurosym/feymr10.pfb>
Output written on "final report.pdf" (49 pages, 3565299 bytes).
PDF statistics:
 298 PDF objects out of 1000 (max. 8388607)
 169 compressed objects within 2 object streams
 0 named destinations out of 1000 (max. 500000)
 271 words of extra memory for PDF output out of 10000 (max. 10000000)

